<?xml version="1.0" encoding="UTF-8"?>
<!-- Generated by org.testng.reporters.JUnitXMLReporter -->
<testsuite hostname="Tippu" ignored="0" name="Test" tests="4" failures="0" timestamp="05 Apr 2020 12:25:47 GMT" time="137.237" errors="0">
  <testcase name="verifyHomePageTest" time="0.52" classname="com.vTigerCRM.qa.testcases.HomePageTest"/>
  <testcase name="validateCreateProductTest" time="13.385" classname="com.vTigerCRM.qa.testcases.CreateProductTest"/>
  <testcase name="validateCreateOrganizationTest" time="12.101" classname="com.vTigerCRM.qa.testcases.CreateOrganizationTest"/>
  <testcase name="ValidateCreateQuotesTest" time="24.173" classname="com.vTigerCRM.qa.testcases.CreateQuotesTest"/>
</testsuite> <!-- Test -->
